EnergyPlus Starting
EnergyPlus, Version 25.1.0-1c11a3d85f, YMD=2026.04.14 13:10
Adjusting Air System Sizing
Adjusting Standard 62.1 Ventilation Sizing
Initializing Simulation
Reporting Surfaces
Beginning Primary Simulation
Initializing New Environment Parameters
Warming up {1}
Warming up {2}
Warming up {3}
Warming up {4}
Warming up {5}
Warming up {6}
Warming up {7}
Warming up {8}
Warming up {9}
Warming up {10}
Warming up {11}
Warming up {12}
Warming up {13}
Warming up {14}
Warming up {15}
Warming up {16}
Warming up {17}
Warming up {18}
Warming up {19}
Warming up {20}
Warming up {21}
Warming up {22}
Warming up {23}
Warming up {24}
Warming up {25}
Warming up {26}
Warming up {27}
Warming up {28}
Warming up {29}
Starting Simulation at 12/01/2013 for RUN1
Writing tabular output file results using HTML format.
EnergyPlus Run Time=00hr 00min  5.28sec
EnergyPlus Completed Successfully.
